<?xml version="1.0" encoding="UTF-8"?>
<!-- Generated by org.testng.reporters.JUnitXMLReporter -->
<testsuite ignored="1" hostname="Varshitha" failures="0" tests="3" name="Default test" time="3.628" errors="0" timestamp="2022-10-25T12:03:48 IST">
  <testcase classname="com.demoapi.GetDemoAll" name="getAll" time="3.544"/>
  <testcase classname="com.demoapi.GetDemoAll" name="getSingle" time="0.005"/>
  <testcase classname="com.demoapi.GetDemoAll" name="getSingle2" time="0.002"/>
  <testcase classname="com.demoapi.GetDemoAll" name="getSingle1" time="0.0">
    <ignored/>
  </testcase> <!-- getSingle1 -->
</testsuite> <!-- Default test -->
