<?xml version="1.0" encoding="UTF-8"?>
<!-- Generated by org.testng.reporters.JUnitXMLReporter -->
<testsuite ignored="0" hostname="Varshitha" failures="0" tests="4" name="Test" time="3.62" errors="0" timestamp="2022-10-21T11:06:47 IST">
  <testcase classname="reqres.TcApiTesting" name="getLIst" time="1.775"/>
  <testcase classname="reqres.TcApiTesting" name="getSingle" time="0.161"/>
  <testcase classname="reqres.TcApiTesting" name="post" time="0.942"/>
  <testcase classname="reqres.TcApiTesting" name="put" time="0.695"/>
</testsuite> <!-- Test -->
